android/outputs/logs/manifest-merger-dev-debug-report.txt
-- Merging decision tree log ---
manifest
ADDED from src\main\AndroidManifest.xml:2:1-30:12
INJECTED from src\main\AndroidManifest.xml:2:1-30:12
INJECTED from src\main\AndroidManifest.xml:2:1-30:12
INJECTED from src\main\AndroidManifest.xml:2:1-30:12
MERGED from [androidx.hilt:hilt-navigation-compose:1.2.0] AndroidManifest.xml:2:1-7:12
MERGED from [androidx.hilt:hilt-navigation:1.2.0] AndroidManifest.xml:2:1-7:12
MERGED from [androidx.navigation:navigation-common:2.8.5] AndroidManifest.xml:17:1-22:12
MERGED from [androidx.navigation:navigation-runtime:2.8.5] AndroidManifest.xml:17:1-22:12
MERGED from [androidx.navigation:navigation-common-ktx:2.8.5] AndroidManifest.xml:2:1-7:12
MERGED from [androidx.navigation:navigation-runtime-ktx:2.8.5] AndroidManifest.xml:2:1-7:12
MERGED from [androidx.navigation:navigation-compose:2.8.5] AndroidManifest.xml:2:1-7:12
MERGED from [androidx.compose.material3:material3-android:1.3.1] AndroidManifest.xml:17:1-22:12
MERGED from [androidx.compose.material:material-android:1.7.6] AndroidManifest.xml:2:1-7:12
MERGED from [androidx.compose.material:material-ripple-android:1.7.6] AndroidManifest.xml:2:1-7:12
MERGED from [androidx.compose.foundation:foundation-android:1.7.6] AndroidManifest.xml:2:1-7:12
MERGED from [androidx.compose.foundation:foundation-layout-android:1.7.6] AndroidManifest.xml:2:1-7:12
MERGED from [androidx.compose.animation:animation-core-android:1.7.6] AndroidManifest.xml:2:1-7:12
MERGED from [androidx.compose.animation:animation-android:1.7.6] AndroidManifest.xml:2:1-7:12
MERGED from [androidx.compose.ui:ui-tooling-data-android:1.7.6] AndroidManifest.xml:2:1-7:12
MERGED from [androidx.compose.ui:ui-unit-android:1.7.6] AndroidManifest.xml:2:1-7:12
MERGED from [androidx.compose.ui:ui-geometry-android:1.7.6] AndroidManifest.xml:2:1-7:12
MERGED from [androidx.compose.ui:ui-util-android:1.7.6] AndroidManifest.xml:2:1-7:12
MERGED from [androidx.compose.ui:ui-text-android:1.7.6] AndroidManifest.xml:2:1-7:12
MERGED from [androidx.compose.ui:ui-tooling-preview-android:1.7.6] AndroidManifest.xml:17:1-22:12
MERGED from [androidx.compose.ui:ui-graphics-android:1.7.6] AndroidManifest.xml:2:1-7:12
MERGED from [com.google.dagger:hilt-android:2.52] AndroidManifest.xml:16:1-19:12
MERGED from [androidx.fragment:fragment:1.5.1] AndroidManifest.xml:17:1-24:12
MERGED from [androidx.loader:loader:1.0.0] AndroidManifest.xml:17:1-22:12
MERGED from [io.github.jan-tennert.supabase:functions-kt-android-debug:3.1.4] AndroidManifest.xml:2:1-7:12
MERGED from [io.github.jan-tennert.supabase:realtime-kt-android-debug:3.1.4] AndroidManifest.xml:2:1-7:12
MERGED from [io.github.jan-tennert.supabase:postgrest-kt-android-debug:3.1.4] AndroidManifest.xml:2:1-7:12
MERGED from [io.github.jan-tennert.supabase:auth-kt-android-debug:3.1.4] AndroidManifest.xml:2:1-20:12
MERGED from [io.github.jan-tennert.supabase:supabase-kt-android-debug:3.1.4] AndroidManifest.xml:2:1-7:12
MERGED from [androidx.emoji2:emoji2:1.3.0] AndroidManifest.xml:17:1-35:12
MERGED from [androidx.lifecycle:lifecycle-process:2.8.7] AndroidManifest.xml:17:1-35:12
MERGED from [androidx.lifecycle:lifecycle-livedata-core-ktx:2.8.7] AndroidManifest.xml:2:1-7:12
MERGED from [androidx.lifecycle:lifecycle-runtime-compose-android:2.8.7] AndroidManifest.xml:2:1-7:12
MERGED from [androidx.lifecycle:lifecycle-livedata:2.8.7] AndroidManifest.xml:17:1-22:12
MERGED from [androidx.lifecycle:lifecycle-viewmodel:2.8.7] AndroidManifest.xml:2:1-5:12
MERGED from [androidx.lifecycle:lifecycle-viewmodel-android:2.8.7] AndroidManifest.xml:17:1-22:12
MERGED from [androidx.savedstate:savedstate-ktx:1.2.1] AndroidManifest.xml:17:1-22:12
MERGED from [androidx.savedstate:savedstate:1.2.1] AndroidManifest.xml:17:1-22:12
MERGED from [androidx.lifecycle:lifecycle-runtime-android:2.8.7] AndroidManifest.xml:17:1-22:12
MERGED from [androidx.lifecycle:lifecycle-livedata-core:2.8.7] AndroidManifest.xml:17:1-22:12
MERGED from [androidx.lifecycle:lifecycle-viewmodel-ktx:2.8.7] AndroidManifest.xml:2:1-7:12
MERGED from [androidx.lifecycle:lifecycle-viewmodel-savedstate:2.8.7] AndroidManifest.xml:17:1-22:12
MERGED from [androidx.lifecycle:lifecycle-runtime-ktx-android:2.8.7] AndroidManifest.xml:2:1-7:12
MERGED from [androidx.lifecycle:lifecycle-viewmodel-compose-android:2.8.7] AndroidManifest.xml:2:1-7:12
MERGED from [androidx.compose.material:material-icons-core-android:1.7.6] AndroidManifest.xml:2:1-7:12
MERGED from [androidx.compose.ui:ui-android:1.7.6] AndroidManifest.xml:2:1-7:12
MERGED from [androidx.compose.ui:ui-test-manifest:1.7.6] AndroidManifest.xml:17:1-28:12
MERGED from [androidx.compose.ui:ui-tooling-android:1.7.6] AndroidManifest.xml:17:1-28:12
MERGED from [androidx.activity:activity-compose:1.9.3] AndroidManifest.xml:2:1-7:12
MERGED from [androidx.activity:activity-ktx:1.9.3] AndroidManifest.xml:2:1-7:12
MERGED from [androidx.activity:activity:1.9.3] AndroidManifest.xml:17:1-22:12
MERGED from [androidx.viewpager:viewpager:1.0.0] AndroidManifest.xml:17:1-22:12
MERGED from [androidx.autofill:autofill:1.0.0] AndroidManifest.xml:17:1-24:12
MERGED from [androidx.graphics:graphics-path:1.0.1] AndroidManifest.xml:2:1-7:12
MERGED from [androidx.customview:customview:1.0.0] AndroidManifest.xml:17:1-22:12
MERGED from [androidx.browser:browser:1.8.0] AndroidManifest.xml:2:1-7:12
MERGED from [androidx.core:core:1.15.0] AndroidManifest.xml:17:1-30:12
MERGED from [androidx.customview:customview-poolingcontainer:1.0.0] AndroidManifest.xml:17:1-23:12
MERGED from [androidx.core:core-ktx:1.15.0] AndroidManifest.xml:2:1-7:12
MERGED from [androidx.datastore:datastore-core-android:1.1.1] AndroidManifest.xml:2:1-7:12
MERGED from [androidx.datastore:datastore-android:1.1.1] AndroidManifest.xml:17:1-22:12
MERGED from [androidx.datastore:datastore-preferences-android:1.1.1] AndroidManifest.xml:17:1-22:12
MERGED from [androidx.security:security-crypto:1.1.0-alpha06] AndroidManifest.xml:17:1-22:12
MERGED from [androidx.interpolator:interpolator:1.0.0] AndroidManifest.xml:17:1-22:12
MERGED from [androidx.profileinstaller:profileinstaller:1.3.1] AndroidManifest.xml:17:1-55:12
MERGED from [com.russhwolf:multiplatform-settings-no-arg-android-debug:1.3.0] AndroidManifest.xml:17:1-35:12
MERGED from [androidx.startup:startup-runtime:1.2.0] AndroidManifest.xml:17:1-31:12
MERGED from [androidx.tracing:tracing:1.2.0] AndroidManifest.xml:17:1-22:12
MERGED from [androidx.versionedparcelable:versionedparcelable:1.1.1] AndroidManifest.xml:17:1-27:12
MERGED from [androidx.compose.runtime:runtime-android:1.7.6] AndroidManifest.xml:2:1-7:12
MERGED from [androidx.compose.runtime:runtime-saveable-android:1.7.6] AndroidManifest.xml:2:1-7:12
MERGED from [androidx.arch.core:core-runtime:2.2.0] AndroidManifest.xml:17:1-22:12
MERGED from [androidx.annotation:annotation-experimental:1.4.1] AndroidManifest.xml:2:1-7:12
MERGED from [com.russhwolf:multiplatform-settings-coroutines-android-debug:1.3.0] AndroidManifest.xml:2:1-7:12
MERGED from [com.russhwolf:multiplatform-settings-android-debug:1.3.0] AndroidManifest.xml:2:1-7:12
MERGED from [co.touchlab:kermit-android-debug:2.0.5] AndroidManifest.xml:2:1-7:12
MERGED from [co.touchlab:kermit-core-android-debug:2.0.5] AndroidManifest.xml:2:1-7:12
MERGED from [com.google.dagger:dagger-lint-aar:2.52] AndroidManifest.xml:16:1-19:12
	package
		INJECTED from src\main\AndroidManifest.xml
	android:versionName
		INJECTED from src\main\AndroidManifest.xml
	android:versionCode
		INJECTED from src\main\AndroidManifest.xml
	xmlns:android
		ADDED from src\main\AndroidManifest.xml:2:11-69
uses-permission#android.permission.INTERNET
ADDED from src\main\AndroidManifest.xml:8:5-67
	android:name
		ADDED from src\main\AndroidManifest.xml:8:22-64
application
ADDED from src\main\AndroidManifest.xml:10:5-28:19
INJECTED from src\main\AndroidManifest.xml:10:5-28:19
MERGED from [io.github.jan-tennert.supabase:auth-kt-android-debug:3.1.4] AndroidManifest.xml:8:5-18:19
MERGED from [io.github.jan-tennert.supabase:auth-kt-android-debug:3.1.4] AndroidManifest.xml:8:5-18:19
MERGED from [androidx.emoji2:emoji2:1.3.0] AndroidManifest.xml:23:5-33:19
MERGED from [androidx.emoji2:emoji2:1.3.0] AndroidManifest.xml:23:5-33:19
MERGED from [androidx.lifecycle:lifecycle-process:2.8.7] AndroidManifest.xml:23:5-33:19
MERGED from [androidx.lifecycle:lifecycle-process:2.8.7] AndroidManifest.xml:23:5-33:19
MERGED from [androidx.compose.ui:ui-test-manifest:1.7.6] AndroidManifest.xml:22:5-26:19
MERGED from [androidx.compose.ui:ui-test-manifest:1.7.6] AndroidManifest.xml:22:5-26:19
MERGED from [androidx.compose.ui:ui-tooling-android:1.7.6] AndroidManifest.xml:22:5-26:19
MERGED from [androidx.compose.ui:ui-tooling-android:1.7.6] AndroidManifest.xml:22:5-26:19
MERGED from [androidx.core:core:1.15.0] AndroidManifest.xml:28:5-89
MERGED from [androidx.core:core:1.15.0] AndroidManifest.xml:28:5-89
MERGED from [androidx.profileinstaller:profileinstaller:1.3.1] AndroidManifest.xml:23:5-53:19
MERGED from [androidx.profileinstaller:profileinstaller:1.3.1] AndroidManifest.xml:23:5-53:19
MERGED from [com.russhwolf:multiplatform-settings-no-arg-android-debug:1.3.0] AndroidManifest.xml:23:5-33:19
MERGED from [com.russhwolf:multiplatform-settings-no-arg-android-debug:1.3.0] AndroidManifest.xml:23:5-33:19
MERGED from [androidx.startup:startup-runtime:1.2.0] AndroidManifest.xml:23:5-29:19
MERGED from [androidx.startup:startup-runtime:1.2.0] AndroidManifest.xml:23:5-29:19
MERGED from [androidx.versionedparcelable:versionedparcelable:1.1.1] AndroidManifest.xml:24:5-25:19
MERGED from [androidx.versionedparcelable:versionedparcelable:1.1.1] AndroidManifest.xml:24:5-25:19
	android:extractNativeLibs
		INJECTED from src\main\AndroidManifest.xml
	android:appComponentFactory
		ADDED from [androidx.core:core:1.15.0] AndroidManifest.xml:28:18-86
	android:supportsRtl
		ADDED from src\main\AndroidManifest.xml:16:9-35
	android:label
		ADDED from src\main\AndroidManifest.xml:14:9-41
	android:icon
		ADDED from src\main\AndroidManifest.xml:13:9-43
	android:allowBackup
		ADDED from src\main\AndroidManifest.xml:12:9-35
	android:theme
		ADDED from src\main\AndroidManifest.xml:15:9-47
	android:name
		ADDED from src\main\AndroidManifest.xml:11:9-45
activity#in.mysmartdoor.app.MainActivity
ADDED from src\main\AndroidManifest.xml:18:9-26:20
	android:exported
		ADDED from src\main\AndroidManifest.xml:20:13-36
	android:theme
		ADDED from src\main\AndroidManifest.xml:21:13-51
	android:name
		ADDED from src\main\AndroidManifest.xml:19:13-41
intent-filter#action:name:android.intent.action.MAIN+category:name:android.intent.category.LAUNCHER
ADDED from src\main\AndroidManifest.xml:22:13-25:29
action#android.intent.action.MAIN
ADDED from src\main\AndroidManifest.xml:23:17-69
	android:name
		ADDED from src\main\AndroidManifest.xml:23:25-66
category#android.intent.category.LAUNCHER
ADDED from src\main\AndroidManifest.xml:24:17-77
	android:name
		ADDED from src\main\AndroidManifest.xml:24:27-74
uses-sdk
INJECTED from src\main\AndroidManifest.xml reason: use-sdk injection requested
INJECTED from src\main\AndroidManifest.xml
INJECTED from src\main\AndroidManifest.xml
MERGED from [androidx.hilt:hilt-navigation-compose:1.2.0] AndroidManifest.xml:5:5-44
MERGED from [androidx.hilt:hilt-navigation-compose:1.2.0] AndroidManifest.xml:5:5-44
MERGED from [androidx.hilt:hilt-navigation:1.2.0] AndroidManifest.xml:5:5-44
MERGED from [androidx.hilt:hilt-navigation:1.2.0] AndroidManifest.xml:5:5-44
MERGED from [androidx.navigation:navigation-common:2.8.5] AndroidManifest.xml:20:5-44
MERGED from [androidx.navigation:navigation-common:2.8.5] AndroidManifest.xml:20:5-44
MERGED from [androidx.navigation:navigation-runtime:2.8.5] AndroidManifest.xml:20:5-44
MERGED from [androidx.navigation:navigation-runtime:2.8.5] AndroidManifest.xml:20:5-44
MERGED from [androidx.navigation:navigation-common-ktx:2.8.5] AndroidManifest.xml:5:5-44
MERGED from [androidx.navigation:navigation-common-ktx:2.8.5] AndroidManifest.xml:5:5-44
MERGED from [androidx.navigation:navigation-runtime-ktx:2.8.5] AndroidManifest.xml:5:5-44
MERGED from [androidx.navigation:navigation-runtime-ktx:2.8.5] AndroidManifest.xml:5:5-44
MERGED from [androidx.navigation:navigation-compose:2.8.5] AndroidManifest.xml:5:5-44
MERGED from [androidx.navigation:navigation-compose:2.8.5] AndroidManifest.xml:5:5-44
MERGED from [androidx.compose.material3:material3-android:1.3.1] AndroidManifest.xml:20:5-44
MERGED from [androidx.compose.material3:material3-android:1.3.1] AndroidManifest.xml:20:5-44
MERGED from [androidx.compose.material:material-android:1.7.6] AndroidManifest.xml:5:5-44
MERGED from [androidx.compose.material:material-android:1.7.6] AndroidManifest.xml:5:5-44
MERGED from [androidx.compose.material:material-ripple-android:1.7.6] AndroidManifest.xml:5:5-44
MERGED from [androidx.compose.material:material-ripple-android:1.7.6] AndroidManifest.xml:5:5-44
MERGED from [androidx.compose.foundation:foundation-android:1.7.6] AndroidManifest.xml:5:5-44
MERGED from [androidx.compose.foundation:foundation-android:1.7.6] AndroidManifest.xml:5:5-44
MERGED from [androidx.compose.foundation:foundation-layout-android:1.7.6] AndroidManifest.xml:5:5-44
MERGED from [androidx.compose.foundation:foundation-layout-android:1.7.6] AndroidManifest.xml:5:5-44
MERGED from [androidx.compose.animation:animation-core-android:1.7.6] AndroidManifest.xml:5:5-44
MERGED from [androidx.compose.animation:animation-core-android:1.7.6] AndroidManifest.xml:5:5-44
MERGED from [androidx.compose.animation:animation-android:1.7.6] AndroidManifest.xml:5:5-44
MERGED from [androidx.compose.animation:animation-android:1.7.6] AndroidManifest.xml:5:5-44
MERGED from [androidx.compose.ui:ui-tooling-data-android:1.7.6] AndroidManifest.xml:5:5-44
MERGED from [androidx.compose.ui:ui-tooling-data-android:1.7.6] AndroidManifest.xml:5:5-44
MERGED from [androidx.compose.ui:ui-unit-android:1.7.6] AndroidManifest.xml:5:5-44
MERGED from [androidx.compose.ui:ui-unit-android:1.7.6] AndroidManifest.xml:5:5-44
MERGED from [androidx.compose.ui:ui-geometry-android:1.7.6] AndroidManifest.xml:5:5-44
MERGED from [androidx.compose.ui:ui-geometry-android:1.7.6] AndroidManifest.xml:5:5-44
MERGED from [androidx.compose.ui:ui-util-android:1.7.6] AndroidManifest.xml:5:5-44
MERGED from [androidx.compose.ui:ui-util-android:1.7.6] AndroidManifest.xml:5:5-44
MERGED from [androidx.compose.ui:ui-text-android:1.7.6] AndroidManifest.xml:5:5-44
MERGED from [androidx.compose.ui:ui-text-android:1.7.6] AndroidManifest.xml:5:5-44
MERGED from [androidx.compose.ui:ui-tooling-preview-android:1.7.6] AndroidManifest.xml:20:5-44
MERGED from [androidx.compose.ui:ui-tooling-preview-android:1.7.6] AndroidManifest.xml:20:5-44
MERGED from [androidx.compose.ui:ui-graphics-android:1.7.6] AndroidManifest.xml:5:5-44
MERGED from [androidx.compose.ui:ui-graphics-android:1.7.6] AndroidManifest.xml:5:5-44
MERGED from [com.google.dagger:hilt-android:2.52] AndroidManifest.xml:18:3-42
MERGED from [com.google.dagger:hilt-android:2.52] AndroidManifest.xml:18:3-42
MERGED from [androidx.fragment:fragment:1.5.1] AndroidManifest.xml:20:5-22:41
MERGED from [androidx.fragment:fragment:1.5.1] AndroidManifest.xml:20:5-22:41
MERGED from [androidx.loader:loader:1.0.0] AndroidManifest.xml:20:5-44
MERGED from [androidx.loader:loader:1.0.0] AndroidManifest.xml:20:5-44
MERGED from [io.github.jan-tennert.supabase:functions-kt-android-debug:3.1.4] AndroidManifest.xml:5:5-44
MERGED from [io.github.jan-tennert.supabase:functions-kt-android-debug:3.1.4] AndroidManifest.xml:5:5-44
MERGED from [io.github.jan-tennert.supabase:realtime-kt-android-debug:3.1.4] AndroidManifest.xml:5:5-44
MERGED from [io.github.jan-tennert.supabase:realtime-kt-android-debug:3.1.4] AndroidManifest.xml:5:5-44
MERGED from [io.github.jan-tennert.supabase:postgrest-kt-android-debug:3.1.4] AndroidManifest.xml:5:5-44
MERGED from [io.github.jan-tennert.supabase:postgrest-kt-android-debug:3.1.4] AndroidManifest.xml:5:5-44
MERGED from [io.github.jan-tennert.supabase:auth-kt-android-debug:3.1.4] AndroidManifest.xml:6:5-44
MERGED from [io.github.jan-tennert.supabase:auth-kt-android-debug:3.1.4] AndroidManifest.xml:6:5-44
MERGED from [io.github.jan-tennert.supabase:supabase-kt-android-debug:3.1.4] AndroidManifest.xml:5:5-44
MERGED from [io.github.jan-tennert.supabase:supabase-kt-android-debug:3.1.4] AndroidManifest.xml:5:5-44
MERGED from [androidx.emoji2:emoji2:1.3.0] AndroidManifest.xml:21:5-44
MERGED from [androidx.emoji2:emoji2:1.3.0] AndroidManifest.xml:21:5-44
MERGED from [androidx.lifecycle:lifecycle-process:2.8.7] AndroidManifest.xml:21:5-44
MERGED from [androidx.lifecycle:lifecycle-process:2.8.7] AndroidManifest.xml:21:5-44
MERGED from [androidx.lifecycle:lifecycle-livedata-core-ktx:2.8.7] AndroidManifest.xml:5:5-44
MERGED from [androidx.lifecycle:lifecycle-livedata-core-ktx:2.8.7] AndroidManifest.xml:5:5-44
MERGED from [androidx.lifecycle:lifecycle-runtime-compose-android:2.8.7] AndroidManifest.xml:5:5-44
MERGED from [androidx.lifecycle:lifecycle-runtime-compose-android:2.8.7] AndroidManifest.xml:5:5-44
MERGED from [androidx.lifecycle:lifecycle-livedata:2.8.7] AndroidManifest.xml:20:5-44
MERGED from [androidx.lifecycle:lifecycle-livedata:2.8.7] AndroidManifest.xml:20:5-44
MERGED from [androidx.lifecycle:lifecycle-viewmodel:2.8.7] AndroidManifest.xml:4:5-43
MERGED from [androidx.lifecycle:lifecycle-viewmodel:2.8.7] AndroidManifest.xml:4:5-43
MERGED from [androidx.lifecycle:lifecycle-viewmodel-android:2.8.7] AndroidManifest.xml:20:5-44
MERGED from [androidx.lifecycle:lifecycle-viewmodel-android:2.8.7] AndroidManifest.xml:20:5-44
MERGED from [androidx.savedstate:savedstate-ktx:1.2.1] AndroidManifest.xml:20:5-44
MERGED from [androidx.savedstate:savedstate-ktx:1.2.1] AndroidManifest.xml:20:5-44
MERGED from [androidx.savedstate:savedstate:1.2.1] AndroidManifest.xml:20:5-44
MERGED from [androidx.savedstate:savedstate:1.2.1] AndroidManifest.xml:20:5-44
MERGED from [androidx.lifecycle:lifecycle-runtime-android:2.8.7] AndroidManifest.xml:20:5-44
MERGED from [androidx.lifecycle:lifecycle-runtime-android:2.8.7] AndroidManifest.xml:20:5-44
MERGED from [androidx.lifecycle:lifecycle-livedata-core:2.8.7] AndroidManifest.xml:20:5-44
MERGED from [androidx.lifecycle:lifecycle-livedata-core:2.8.7] AndroidManifest.xml:20:5-44
MERGED from [androidx.lifecycle:lifecycle-viewmodel-ktx:2.8.7] AndroidManifest.xml:5:5-44
MERGED from [androidx.lifecycle:lifecycle-viewmodel-ktx:2.8.7] AndroidManifest.xml:5:5-44
MERGED from [androidx.lifecycle:lifecycle-viewmodel-savedstate:2.8.7] AndroidManifest.xml:20:5-44
MERGED from [androidx.lifecycle:lifecycle-viewmodel-savedstate:2.8.7] AndroidManifest.xml:20:5-44
MERGED from [androidx.lifecycle:lifecycle-runtime-ktx-android:2.8.7] AndroidManifest.xml:5:5-44
MERGED from [androidx.lifecycle:lifecycle-runtime-ktx-android:2.8.7] AndroidManifest.xml:5:5-44
MERGED from [androidx.lifecycle:lifecycle-viewmodel-compose-android:2.8.7] AndroidManifest.xml:5:5-44
MERGED from [androidx.lifecycle:lifecycle-viewmodel-compose-android:2.8.7] AndroidManifest.xml:5:5-44
MERGED from [androidx.compose.material:material-icons-core-android:1.7.6] AndroidManifest.xml:5:5-44
MERGED from [androidx.compose.material:material-icons-core-android:1.7.6] AndroidManifest.xml:5:5-44
MERGED from [androidx.compose.ui:ui-android:1.7.6] AndroidManifest.xml:5:5-44
MERGED from [androidx.compose.ui:ui-android:1.7.6] AndroidManifest.xml:5:5-44
MERGED from [androidx.compose.ui:ui-test-manifest:1.7.6] AndroidManifest.xml:20:5-44
MERGED from [androidx.compose.ui:ui-test-manifest:1.7.6] AndroidManifest.xml:20:5-44
MERGED from [androidx.compose.ui:ui-tooling-android:1.7.6] AndroidManifest.xml:20:5-44
MERGED from [androidx.compose.ui:ui-tooling-android:1.7.6] AndroidManifest.xml:20:5-44
MERGED from [androidx.activity:activity-compose:1.9.3] AndroidManifest.xml:5:5-44
MERGED from [androidx.activity:activity-compose:1.9.3] AndroidManifest.xml:5:5-44
MERGED from [androidx.activity:activity-ktx:1.9.3] AndroidManifest.xml:5:5-44
MERGED from [androidx.activity:activity-ktx:1.9.3] AndroidManifest.xml:5:5-44
MERGED from [androidx.activity:activity:1.9.3] AndroidManifest.xml:20:5-44
MERGED from [androidx.activity:activity:1.9.3] AndroidManifest.xml:20:5-44
MERGED from [androidx.viewpager:viewpager:1.0.0] AndroidManifest.xml:20:5-44
MERGED from [androidx.viewpager:viewpager:1.0.0] AndroidManifest.xml:20:5-44
MERGED from [androidx.autofill:autofill:1.0.0] AndroidManifest.xml:20:5-22:41
MERGED from [androidx.autofill:autofill:1.0.0] AndroidManifest.xml:20:5-22:41
MERGED from [androidx.graphics:graphics-path:1.0.1] AndroidManifest.xml:5:5-44
MERGED from [androidx.graphics:graphics-path:1.0.1] AndroidManifest.xml:5:5-44
MERGED from [androidx.customview:customview:1.0.0] AndroidManifest.xml:20:5-44
MERGED from [androidx.customview:customview:1.0.0] AndroidManifest.xml:20:5-44
MERGED from [androidx.browser:browser:1.8.0] AndroidManifest.xml:5:5-44
MERGED from [androidx.browser:browser:1.8.0] AndroidManifest.xml:5:5-44
MERGED from [androidx.core:core:1.15.0] AndroidManifest.xml:20:5-44
MERGED from [androidx.core:core:1.15.0] AndroidManifest.xml:20:5-44
MERGED from [androidx.customview:customview-poolingcontainer:1.0.0] AndroidManifest.xml:20:5-21:38
MERGED from [androidx.customview:customview-poolingcontainer:1.0.0] AndroidManifest.xml:20:5-21:38
MERGED from [androidx.core:core-ktx:1.15.0] AndroidManifest.xml:5:5-44
MERGED from [androidx.core:core-ktx:1.15.0] AndroidManifest.xml:5:5-44
MERGED from [androidx.datastore:datastore-core-android:1.1.1] AndroidManifest.xml:5:5-44
MERGED from [androidx.datastore:datastore-core-android:1.1.1] AndroidManifest.xml:5:5-44
MERGED from [androidx.datastore:datastore-android:1.1.1] AndroidManifest.xml:20:5-44
MERGED from [androidx.datastore:datastore-android:1.1.1] AndroidManifest.xml:20:5-44
MERGED from [androidx.datastore:datastore-preferences-android:1.1.1] AndroidManifest.xml:20:5-44
MERGED from [androidx.datastore:datastore-preferences-android:1.1.1] AndroidManifest.xml:20:5-44
MERGED from [androidx.security:security-crypto:1.1.0-alpha06] AndroidManifest.xml:20:5-44
MERGED from [androidx.security:security-crypto:1.1.0-alpha06] AndroidManifest.xml:20:5-44
MERGED from [androidx.interpolator:interpolator:1.0.0] AndroidManifest.xml:20:5-44
MERGED from [androidx.interpolator:interpolator:1.0.0] AndroidManifest.xml:20:5-44
MERGED from [androidx.profileinstaller:profileinstaller:1.3.1] AndroidManifest.xml:21:5-44
MERGED from [androidx.profileinstaller:profileinstaller:1.3.1] AndroidManifest.xml:21:5-44
MERGED from [com.russhwolf:multiplatform-settings-no-arg-android-debug:1.3.0] AndroidManifest.xml:21:5-44
MERGED from [com.russhwolf:multiplatform-settings-no-arg-android-debug:1.3.0] AndroidManifest.xml:21:5-44
MERGED from [androidx.startup:startup-runtime:1.2.0] AndroidManifest.xml:21:5-44
MERGED from [androidx.startup:startup-runtime:1.2.0] AndroidManifest.xml:21:5-44
MERGED from [androidx.tracing:tracing:1.2.0] AndroidManifest.xml:20:5-44
MERGED from [androidx.tracing:tracing:1.2.0] AndroidManifest.xml:20:5-44
MERGED from [androidx.versionedparcelable:versionedparcelable:1.1.1] AndroidManifest.xml:20:5-22:41
MERGED from [androidx.versionedparcelable:versionedparcelable:1.1.1] AndroidManifest.xml:20:5-22:41
MERGED from [androidx.compose.runtime:runtime-android:1.7.6] AndroidManifest.xml:5:5-44
MERGED from [androidx.compose.runtime:runtime-android:1.7.6] AndroidManifest.xml:5:5-44
MERGED from [androidx.compose.runtime:runtime-saveable-android:1.7.6] AndroidManifest.xml:5:5-44
MERGED from [androidx.compose.runtime:runtime-saveable-android:1.7.6] AndroidManifest.xml:5:5-44
MERGED from [androidx.arch.core:core-runtime:2.2.0] AndroidManifest.xml:20:5-44
MERGED from [androidx.arch.core:core-runtime:2.2.0] AndroidManifest.xml:20:5-44
MERGED from [androidx.annotation:annotation-experimental:1.4.1] AndroidManifest.xml:5:5-44
MERGED from [androidx.annotation:annotation-experimental:1.4.1] AndroidManifest.xml:5:5-44
MERGED from [com.russhwolf:multiplatform-settings-coroutines-android-debug:1.3.0] AndroidManifest.xml:5:5-44
MERGED from [com.russhwolf:multiplatform-settings-coroutines-android-debug:1.3.0] AndroidManifest.xml:5:5-44
MERGED from [com.russhwolf:multiplatform-settings-android-debug:1.3.0] AndroidManifest.xml:5:5-44
MERGED from [com.russhwolf:multiplatform-settings-android-debug:1.3.0] AndroidManifest.xml:5:5-44
MERGED from [co.touchlab:kermit-android-debug:2.0.5] AndroidManifest.xml:5:5-44
MERGED from [co.touchlab:kermit-android-debug:2.0.5] AndroidManifest.xml:5:5-44
MERGED from [co.touchlab:kermit-core-android-debug:2.0.5] AndroidManifest.xml:5:5-44
MERGED from [co.touchlab:kermit-core-android-debug:2.0.5] AndroidManifest.xml:5:5-44
MERGED from [com.google.dagger:dagger-lint-aar:2.52] AndroidManifest.xml:18:3-42
MERGED from [com.google.dagger:dagger-lint-aar:2.52] AndroidManifest.xml:18:3-42
	android:targetSdkVersion
		INJECTED from src\main\AndroidManifest.xml
	android:minSdkVersion
		INJECTED from src\main\AndroidManifest.xml
provider#androidx.startup.InitializationProvider
ADDED from [io.github.jan-tennert.supabase:auth-kt-android-debug:3.1.4] AndroidManifest.xml:9:9-17:20
MERGED from [androidx.emoji2:emoji2:1.3.0] AndroidManifest.xml:24:9-32:20
MERGED from [androidx.emoji2:emoji2:1.3.0] AndroidManifest.xml:24:9-32:20
MERGED from [androidx.lifecycle:lifecycle-process:2.8.7] AndroidManifest.xml:24:9-32:20
MERGED from [androidx.lifecycle:lifecycle-process:2.8.7] AndroidManifest.xml:24:9-32:20
MERGED from [androidx.profileinstaller:profileinstaller:1.3.1] AndroidManifest.xml:24:9-32:20
MERGED from [androidx.profileinstaller:profileinstaller:1.3.1] AndroidManifest.xml:24:9-32:20
MERGED from [com.russhwolf:multiplatform-settings-no-arg-android-debug:1.3.0] AndroidManifest.xml:24:9-32:20
MERGED from [com.russhwolf:multiplatform-settings-no-arg-android-debug:1.3.0] AndroidManifest.xml:24:9-32:20
MERGED from [androidx.startup:startup-runtime:1.2.0] AndroidManifest.xml:24:9-28:34
MERGED from [androidx.startup:startup-runtime:1.2.0] AndroidManifest.xml:24:9-28:34
	tools:node
		ADDED from [io.github.jan-tennert.supabase:auth-kt-android-debug:3.1.4] AndroidManifest.xml:13:13-31
	android:authorities
		ADDED from [io.github.jan-tennert.supabase:auth-kt-android-debug:3.1.4] AndroidManifest.xml:11:13-68
	android:exported
		ADDED from [io.github.jan-tennert.supabase:auth-kt-android-debug:3.1.4] AndroidManifest.xml:12:13-37
	android:name
		ADDED from [io.github.jan-tennert.supabase:auth-kt-android-debug:3.1.4] AndroidManifest.xml:10:13-67
meta-data#io.github.jan.supabase.auth.SupabaseInitializer
ADDED from [io.github.jan-tennert.supabase:auth-kt-android-debug:3.1.4] AndroidManifest.xml:14:13-16:52
	android:value
		ADDED from [io.github.jan-tennert.supabase:auth-kt-android-debug:3.1.4] AndroidManifest.xml:16:17-49
	android:name
		ADDED from [io.github.jan-tennert.supabase:auth-kt-android-debug:3.1.4] AndroidManifest.xml:15:17-79
meta-data#androidx.emoji2.text.EmojiCompatInitializer
ADDED from [androidx.emoji2:emoji2:1.3.0] AndroidManifest.xml:29:13-31:52
	android:value
		ADDED from [androidx.emoji2:emoji2:1.3.0] AndroidManifest.xml:31:17-49
	android:name
		ADDED from [androidx.emoji2:emoji2:1.3.0] AndroidManifest.xml:30:17-75
meta-data#androidx.lifecycle.ProcessLifecycleInitializer
ADDED from [androidx.lifecycle:lifecycle-process:2.8.7] AndroidManifest.xml:29:13-31:52
	android:value
		ADDED from [androidx.lifecycle:lifecycle-process:2.8.7] AndroidManifest.xml:31:17-49
	android:name
		ADDED from [androidx.lifecycle:lifecycle-process:2.8.7] AndroidManifest.xml:30:17-78
activity#androidx.activity.ComponentActivity
ADDED from [androidx.compose.ui:ui-test-manifest:1.7.6] AndroidManifest.xml:23:9-25:39
	android:exported
		ADDED from [androidx.compose.ui:ui-test-manifest:1.7.6] AndroidManifest.xml:25:13-36
	android:name
		ADDED from [androidx.compose.ui:ui-test-manifest:1.7.6] AndroidManifest.xml:24:13-63
activity#androidx.compose.ui.tooling.PreviewActivity
ADDED from [androidx.compose.ui:ui-tooling-android:1.7.6] AndroidManifest.xml:23:9-25:39
	android:exported
		ADDED from [androidx.compose.ui:ui-tooling-android:1.7.6] AndroidManifest.xml:25:13-36
	android:name
		ADDED from [androidx.compose.ui:ui-tooling-android:1.7.6] AndroidManifest.xml:24:13-71
permission#${applicationId}.DYNAMIC_RECEIVER_NOT_EXPORTED_PERMISSION
ADDED from [androidx.core:core:1.15.0] AndroidManifest.xml:22:5-24:47
	android:protectionLevel
		ADDED from [androidx.core:core:1.15.0] AndroidManifest.xml:24:9-44
	android:name
		ADDED from [androidx.core:core:1.15.0] AndroidManifest.xml:23:9-81
permission#in.mysmartdoor.app.dev.DYNAMIC_RECEIVER_NOT_EXPORTED_PERMISSION
ADDED from [androidx.core:core:1.15.0] AndroidManifest.xml:22:5-24:47
	android:protectionLevel
		ADDED from [androidx.core:core:1.15.0] AndroidManifest.xml:24:9-44
	android:name
		ADDED from [androidx.core:core:1.15.0] AndroidManifest.xml:23:9-81
uses-permission#${applicationId}.DYNAMIC_RECEIVER_NOT_EXPORTED_PERMISSION
ADDED from [androidx.core:core:1.15.0] AndroidManifest.xml:26:5-97
	android:name
		ADDED from [androidx.core:core:1.15.0] AndroidManifest.xml:26:22-94
uses-permission#in.mysmartdoor.app.dev.DYNAMIC_RECEIVER_NOT_EXPORTED_PERMISSION
ADDED from [androidx.core:core:1.15.0] AndroidManifest.xml:26:5-97
	android:name
		ADDED from [androidx.core:core:1.15.0] AndroidManifest.xml:26:22-94
meta-data#androidx.profileinstaller.ProfileInstallerInitializer
ADDED from [androidx.profileinstaller:profileinstaller:1.3.1] AndroidManifest.xml:29:13-31:52
	android:value
		ADDED from [androidx.profileinstaller:profileinstaller:1.3.1] AndroidManifest.xml:31:17-49
	android:name
		ADDED from [androidx.profileinstaller:profileinstaller:1.3.1] AndroidManifest.xml:30:17-85
receiver#androidx.profileinstaller.ProfileInstallReceiver
ADDED from [androidx.profileinstaller:profileinstaller:1.3.1] AndroidManifest.xml:34:9-52:20
	android:enabled